2025-06-11 22:51:56 [INFO] \u2699\ufe0f Creando aplicación Flask...
2025-06-11 22:51:56 [INFO] \U0001f6e0\ufe0f Iniciando aplicación Flask...
2025-06-11 22:51:56 [INFO] \u2705 Base de datos inicializada correctamente
2025-06-11 22:51:56 [INFO] \u2139\ufe0f Usuario admin ya existe
2025-06-11 22:51:56 [INFO] \u2705 Aplicación Flask creada con éxito
2025-06-11 22:51:56 [INFO] \u2705 Aplicación Flask creada.
2025-06-11 22:51:56 [INFO] \U0001f680 Servidor Flask corriendo en http://localhost:5000
2025-06-11 22:51:56 [INFO] [31m[1mWARNING: This is a development server. Do not use it in a production deployment. Use a production WSGI server instead.[0m
 * Running on all addresses (0.0.0.0)
 * Running on http://127.0.0.1:5000
 * Running on http://192.168.0.3:5000
2025-06-11 22:51:56 [INFO] [33mPress CTRL+C to quit[0m
2025-06-11 22:51:56 [INFO]  * Restarting with stat
2025-06-11 22:51:56 [INFO] \u2699\ufe0f Creando aplicación Flask...
2025-06-11 22:51:56 [INFO] \U0001f6e0\ufe0f Iniciando aplicación Flask...
2025-06-11 22:51:57 [INFO] \u2705 Base de datos inicializada correctamente
2025-06-11 22:51:57 [INFO] \u2139\ufe0f Usuario admin ya existe
2025-06-11 22:51:57 [INFO] \u2705 Aplicación Flask creada con éxito
2025-06-11 22:51:57 [INFO] \u2705 Aplicación Flask creada.
2025-06-11 22:51:57 [INFO] \U0001f680 Servidor Flask corriendo en http://localhost:5000
2025-06-11 22:51:57 [WARNING]  * Debugger is active!
2025-06-11 22:51:57 [INFO]  * Debugger PIN: 279-460-346
2025-06-11 22:56:27 [INFO]  * Detected change in 'C:\\Users\\a\\Downloads\\Santobocado\\backend\\routes\\auth.py', reloading
2025-06-11 22:56:27 [INFO]  * Restarting with stat
2025-06-11 22:56:27 [INFO] \u2699\ufe0f Creando aplicación Flask...
2025-06-11 22:56:27 [INFO] \U0001f6e0\ufe0f Iniciando aplicación Flask...
2025-06-11 22:56:27 [INFO] \u2705 Base de datos inicializada correctamente
2025-06-11 22:56:27 [INFO] \u2139\ufe0f Usuario admin ya existe
2025-06-11 22:56:27 [INFO] \u2705 Aplicación Flask creada con éxito
2025-06-11 22:56:27 [INFO] \u2705 Aplicación Flask creada.
2025-06-11 22:56:27 [INFO] \U0001f680 Servidor Flask corriendo en http://localhost:5000
2025-06-11 22:56:27 [WARNING]  * Debugger is active!
2025-06-11 22:56:27 [INFO]  * Debugger PIN: 279-460-346
